0 info it worked if it ends with ok
1 verbose cli [ '/usr/local/bin/node',
1 verbose cli   '/usr/local/bin/npm',
1 verbose cli   'install',
1 verbose cli   '--g',
1 verbose cli   'node' ]
2 info using npm@3.10.8
3 info using node@v6.9.1
4 silly loadCurrentTree Starting
5 silly install loadCurrentTree
6 silly install readGlobalPackageData
7 silly fetchPackageMetaData node
8 silly fetchNamedPackageData node
9 silly mapToRegistry name node
10 silly mapToRegistry using default registry
11 silly mapToRegistry registry https://registry.npmjs.org/
12 silly mapToRegistry data Result {
12 silly mapToRegistry   raw: 'node',
12 silly mapToRegistry   scope: null,
12 silly mapToRegistry   escapedName: 'node',
12 silly mapToRegistry   name: 'node',
12 silly mapToRegistry   rawSpec: '',
12 silly mapToRegistry   spec: 'latest',
12 silly mapToRegistry   type: 'tag' }
13 silly mapToRegistry uri https://registry.npmjs.org/node
14 verbose request uri https://registry.npmjs.org/node
15 verbose request no auth needed
16 info attempt registry request try #1 at 10:58:56 AM
17 verbose request id 27e6cf654209f524
18 http request GET https://registry.npmjs.org/node
19 http 200 https://registry.npmjs.org/node
20 verbose headers { server: 'nginx/1.10.1',
20 verbose headers   'content-type': 'application/json',
20 verbose headers   'last-modified': 'Tue, 13 Oct 2015 00:37:12 GMT',
20 verbose headers   etag: 'W/"561c5238-43d"',
20 verbose headers   'content-encoding': 'gzip',
20 verbose headers   'cache-control': 'max-age=300',
20 verbose headers   'content-length': '550',
20 verbose headers   'accept-ranges': 'bytes',
20 verbose headers   date: 'Thu, 29 Dec 2016 23:58:56 GMT',
20 verbose headers   via: '1.1 varnish',
20 verbose headers   age: '0',
20 verbose headers   connection: 'keep-alive',
20 verbose headers   'x-served-by': 'cache-mel6521-MEL',
20 verbose headers   'x-cache': 'MISS',
20 verbose headers   'x-cache-hits': '0',
20 verbose headers   'x-timer': 'S1483055936.760348,VS0,VE14',
20 verbose headers   vary: 'Accept-Encoding' }
21 silly get cb [ 200,
21 silly get   { server: 'nginx/1.10.1',
21 silly get     'content-type': 'application/json',
21 silly get     'last-modified': 'Tue, 13 Oct 2015 00:37:12 GMT',
21 silly get     etag: 'W/"561c5238-43d"',
21 silly get     'content-encoding': 'gzip',
21 silly get     'cache-control': 'max-age=300',
21 silly get     'content-length': '550',
21 silly get     'accept-ranges': 'bytes',
21 silly get     date: 'Thu, 29 Dec 2016 23:58:56 GMT',
21 silly get     via: '1.1 varnish',
21 silly get     age: '0',
21 silly get     connection: 'keep-alive',
21 silly get     'x-served-by': 'cache-mel6521-MEL',
21 silly get     'x-cache': 'MISS',
21 silly get     'x-cache-hits': '0',
21 silly get     'x-timer': 'S1483055936.760348,VS0,VE14',
21 silly get     vary: 'Accept-Encoding' } ]
22 verbose get saving node to /Users/rickhuang/.npm/registry.npmjs.org/node/.cache.json
23 verbose correctMkdir /Users/rickhuang/.npm correctMkdir not in flight; initializing
24 verbose makeDirectory /Users/rickhuang/.npm creation not in flight; initializing
25 silly makeDirectory /Users/rickhuang/.npm uid: 501 gid: 20
26 silly install normalizeTree
27 silly loadCurrentTree Finishing
28 silly loadIdealTree Starting
29 silly install loadIdealTree
30 silly cloneCurrentTree Starting
31 silly install cloneCurrentTreeToIdealTree
32 silly cloneCurrentTree Finishing
33 silly loadShrinkwrap Starting
34 silly install loadShrinkwrap
35 silly loadShrinkwrap Finishing
36 silly loadAllDepsIntoIdealTree Starting
37 silly install loadAllDepsIntoIdealTree
38 silly resolveWithNewModule node@0.0.0 checking installable status
39 silly cache add args [ 'node', null ]
40 verbose cache add spec node
41 silly cache add parsed spec Result {
41 silly cache add   raw: 'node',
41 silly cache add   scope: null,
41 silly cache add   escapedName: 'node',
41 silly cache add   name: 'node',
41 silly cache add   rawSpec: '',
41 silly cache add   spec: 'latest',
41 silly cache add   type: 'tag' }
42 silly addNamed node@latest
43 verbose addNamed "latest" is being treated as a dist-tag for node
44 info addNameTag [ 'node', 'latest' ]
45 silly mapToRegistry name node
46 silly mapToRegistry using default registry
47 silly mapToRegistry registry https://registry.npmjs.org/
48 silly mapToRegistry data Result {
48 silly mapToRegistry   raw: 'node',
48 silly mapToRegistry   scope: null,
48 silly mapToRegistry   escapedName: 'node',
48 silly mapToRegistry   name: 'node',
48 silly mapToRegistry   rawSpec: '',
48 silly mapToRegistry   spec: 'latest',
48 silly mapToRegistry   type: 'tag' }
49 silly mapToRegistry uri https://registry.npmjs.org/node
50 verbose addNameTag registry:https://registry.npmjs.org/node not in flight; fetching
51 verbose get https://registry.npmjs.org/node not expired, no request
52 silly addNameTag next cb for node with tag latest
53 silly addNamed node@0.0.0
54 verbose addNamed "0.0.0" is a plain semver version for node
55 warn deprecated node@0.0.0: To update or install node, go to http://nodejs.org/
56 silly mapToRegistry name node
57 silly mapToRegistry using default registry
58 silly mapToRegistry registry https://registry.npmjs.org/
59 silly mapToRegistry data Result {
59 silly mapToRegistry   raw: 'node',
59 silly mapToRegistry   scope: null,
59 silly mapToRegistry   escapedName: 'node',
59 silly mapToRegistry   name: 'node',
59 silly mapToRegistry   rawSpec: '',
59 silly mapToRegistry   spec: 'latest',
59 silly mapToRegistry   type: 'tag' }
60 silly mapToRegistry uri https://registry.npmjs.org/node
61 verbose addRemoteTarball https://registry.npmjs.org/node/-/node-0.0.0.tgz not in flight; adding
62 verbose addRemoteTarball [ 'https://registry.npmjs.org/node/-/node-0.0.0.tgz',
62 verbose addRemoteTarball   '288d62f90530c763eff8d4831ee7343ab3d60793' ]
63 info retry fetch attempt 1 at 10:58:56 AM
64 info attempt registry request try #1 at 10:58:56 AM
65 http fetch GET https://registry.npmjs.org/node/-/node-0.0.0.tgz
66 http fetch 200 https://registry.npmjs.org/node/-/node-0.0.0.tgz
67 silly fetchAndShaCheck shasum 288d62f90530c763eff8d4831ee7343ab3d60793
68 verbose addTmpTarball /var/folders/t8/t5fq5_3s47925b26jgctxydm0000gn/T/npm-803-b5ae462f/registry.npmjs.org/node/-/node-0.0.0.tgz not in flight; adding
69 verbose addTmpTarball already have metadata; skipping unpack for node@0.0.0
70 verbose correctMkdir /Users/rickhuang/.npm correctMkdir not in flight; initializing
71 silly cache afterAdd node@0.0.0
72 verbose afterAdd /Users/rickhuang/.npm/node/0.0.0/package/package.json not in flight; writing
73 verbose correctMkdir /Users/rickhuang/.npm correctMkdir not in flight; initializing
74 verbose afterAdd /Users/rickhuang/.npm/node/0.0.0/package/package.json written
75 silly loadAllDepsIntoIdealTree Finishing
76 silly loadIdealTree Finishing
77 silly currentTree lib
78 silly idealTree lib
78 silly idealTree └── node@0.0.0
79 silly generateActionsToTake Starting
80 silly install generateActionsToTake
81 warn checkPermissions Missing write access to /usr/local/lib/node_modules
82 silly rollbackFailedOptional Starting
83 silly rollbackFailedOptional Finishing
84 silly runTopLevelLifecycles Finishing
85 silly install printInstalled
86 verbose stack Error: EACCES: permission denied, access '/usr/local/lib/node_modules'
86 verbose stack     at Error (native)
87 verbose cwd /Users/rickhuang/Documents/git source/nodejs-known
88 error Darwin 16.3.0
89 error argv "/usr/local/bin/node" "/usr/local/bin/npm" "install" "--g" "node"
90 error node v6.9.1
91 error npm  v3.10.8
92 error path /usr/local/lib/node_modules
93 error code EACCES
94 error errno -13
95 error syscall access
96 error Error: EACCES: permission denied, access '/usr/local/lib/node_modules'
96 error     at Error (native)
96 error  { Error: EACCES: permission denied, access '/usr/local/lib/node_modules'
96 error     at Error (native)
96 error   errno: -13,
96 error   code: 'EACCES',
96 error   syscall: 'access',
96 error   path: '/usr/local/lib/node_modules' }
97 error Please try running this command again as root/Administrator.
98 verbose exit [ -13, true ]
